{"C:\\Users\\ASLI\\Desktop\\multidiscount-calculator\\src\\ProductGrouping.js": {"path":"C:\\Users\\ASLI\\Desktop\\multidiscount-calculator\\src\\ProductGrouping.js","statementMap":{"0":{"start":{"line":2,"column":17},"end":{"line":2,"column":35}},"1":{"start":{"line":4,"column":8},"end":{"line":4,"column":16}},"2":{"start":{"line":7,"column":55},"end":{"line":9,"column":10}},"3":{"start":{"line":8,"column":12},"end":{"line":8,"column":31}},"4":{"start":{"line":11,"column":58},"end":{"line":13,"column":10}},"5":{"start":{"line":12,"column":12},"end":{"line":12,"column":31}},"6":{"start":{"line":15,"column":69},"end":{"line":15,"column":71}},"7":{"start":{"line":16,"column":8},"end":{"line":23,"column":11}},"8":{"start":{"line":17,"column":67},"end":{"line":17,"column":69}},"9":{"start":{"line":18,"column":12},"end":{"line":21,"column":13}},"10":{"start":{"line":18,"column":24},"end":{"line":18,"column":25}},"11":{"start":{"line":19,"column":48},"end":{"line":19,"column":129}},"12":{"start":{"line":20,"column":16},"end":{"line":20,"column":148}},"13":{"start":{"line":22,"column":12},"end":{"line":22,"column":120}},"14":{"start":{"line":25,"column":65},"end":{"line":25,"column":67}},"15":{"start":{"line":26,"column":8},"end":{"line":54,"column":9}},"16":{"start":{"line":26,"column":20},"end":{"line":26,"column":21}},"17":{"start":{"line":27,"column":12},"end":{"line":53,"column":13}},"18":{"start":{"line":27,"column":24},"end":{"line":27,"column":25}},"19":{"start":{"line":28,"column":59},"end":{"line":31,"column":17}},"20":{"start":{"line":32,"column":46},"end":{"line":32,"column":48}},"21":{"start":{"line":33,"column":16},"end":{"line":33,"column":127}},"22":{"start":{"line":34,"column":16},"end":{"line":34,"column":108}},"23":{"start":{"line":35,"column":16},"end":{"line":43,"column":17}},"24":{"start":{"line":35,"column":28},"end":{"line":35,"column":33}},"25":{"start":{"line":36,"column":20},"end":{"line":42,"column":21}},"26":{"start":{"line":37,"column":24},"end":{"line":37,"column":135}},"27":{"start":{"line":38,"column":24},"end":{"line":38,"column":116}},"28":{"start":{"line":40,"column":24},"end":{"line":40,"column":73}},"29":{"start":{"line":41,"column":24},"end":{"line":41,"column":54}},"30":{"start":{"line":44,"column":16},"end":{"line":52,"column":17}},"31":{"start":{"line":45,"column":55},"end":{"line":45,"column":57}},"32":{"start":{"line":46,"column":20},"end":{"line":48,"column":22}},"33":{"start":{"line":47,"column":24},"end":{"line":47,"column":71}},"34":{"start":{"line":49,"column":60},"end":{"line":49,"column":101}},"35":{"start":{"line":50,"column":20},"end":{"line":50,"column":113}},"36":{"start":{"line":51,"column":20},"end":{"line":51,"column":114}},"37":{"start":{"line":56,"column":71},"end":{"line":58,"column":10}},"38":{"start":{"line":57,"column":12},"end":{"line":57,"column":65}},"39":{"start":{"line":59,"column":56},"end":{"line":59,"column":117}},"40":{"start":{"line":60,"column":52},"end":{"line":62,"column":10}},"41":{"start":{"line":61,"column":12},"end":{"line":61,"column":21}},"42":{"start":{"line":64,"column":36},"end":{"line":64,"column":106}},"43":{"start":{"line":65,"column":22},"end":{"line":65,"column":24}},"44":{"start":{"line":66,"column":16},"end":{"line":66,"column":17}},"45":{"start":{"line":67,"column":4},"end":{"line":80,"column":5}},"46":{"start":{"line":68,"column":8},"end":{"line":79,"column":171}},"47":{"start":{"line":70,"column":16},"end":{"line":70,"column":106}},"48":{"start":{"line":70,"column":46},"end":{"line":70,"column":104}},"49":{"start":{"line":70,"column":74},"end":{"line":70,"column":103}},"50":{"start":{"line":72,"column":12},"end":{"line":72,"column":139}},"51":{"start":{"line":73,"column":12},"end":{"line":75,"column":15}},"52":{"start":{"line":74,"column":16},"end":{"line":74,"column":50}},"53":{"start":{"line":76,"column":12},"end":{"line":76,"column":70}},"54":{"start":{"line":77,"column":12},"end":{"line":77,"column":26}},"55":{"start":{"line":78,"column":8},"end":{"line":78,"column":42}},"56":{"start":{"line":82,"column":8},"end":{"line":82,"column":61}},"57":{"start":{"line":83,"column":8},"end":{"line":83,"column":55}},"58":{"start":{"line":86,"column":2},"end":{"line":86,"column":62}}},"fnMap":{"0":{"name":"(anonymous_0)","decl":{"start":{"line":3,"column":4},"end":{"line":3,"column":5}},"loc":{"start":{"line":3,"column":18},"end":{"line":5,"column":5}},"line":3},"1":{"name":"(anonymous_1)","decl":{"start":{"line":6,"column":4},"end":{"line":6,"column":5}},"loc":{"start":{"line":6,"column":58},"end":{"line":84,"column":5}},"line":6},"2":{"name":"(anonymous_2)","decl":{"start":{"line":7,"column":80},"end":{"line":7,"column":81}},"loc":{"start":{"line":7,"column":90},"end":{"line":9,"column":9}},"line":7},"3":{"name":"(anonymous_3)","decl":{"start":{"line":11,"column":82},"end":{"line":11,"column":83}},"loc":{"start":{"line":11,"column":92},"end":{"line":13,"column":9}},"line":11},"4":{"name":"(anonymous_4)","decl":{"start":{"line":16,"column":55},"end":{"line":16,"column":56}},"loc":{"start":{"line":16,"column":82},"end":{"line":23,"column":9}},"line":16},"5":{"name":"(anonymous_5)","decl":{"start":{"line":46,"column":52},"end":{"line":46,"column":53}},"loc":{"start":{"line":46,"column":59},"end":{"line":48,"column":21}},"line":46},"6":{"name":"(anonymous_6)","decl":{"start":{"line":56,"column":127},"end":{"line":56,"column":128}},"loc":{"start":{"line":56,"column":137},"end":{"line":58,"column":9}},"line":56},"7":{"name":"(anonymous_7)","decl":{"start":{"line":60,"column":98},"end":{"line":60,"column":99}},"loc":{"start":{"line":60,"column":110},"end":{"line":62,"column":9}},"line":60},"8":{"name":"filterObjectsByCondition","decl":{"start":{"line":69,"column":21},"end":{"line":69,"column":45}},"loc":{"start":{"line":69,"column":82},"end":{"line":71,"column":13}},"line":69},"9":{"name":"(anonymous_9)","decl":{"start":{"line":70,"column":39},"end":{"line":70,"column":40}},"loc":{"start":{"line":70,"column":46},"end":{"line":70,"column":104}},"line":70},"10":{"name":"(anonymous_10)","decl":{"start":{"line":70,"column":66},"end":{"line":70,"column":67}},"loc":{"start":{"line":70,"column":74},"end":{"line":70,"column":103}},"line":70},"11":{"name":"(anonymous_11)","decl":{"start":{"line":73,"column":38},"end":{"line":73,"column":39}},"loc":{"start":{"line":73,"column":48},"end":{"line":75,"column":13}},"line":73}},"branchMap":{"0":{"loc":{"start":{"line":36,"column":20},"end":{"line":42,"column":21}},"type":"if","locations":[{"start":{"line":36,"column":20},"end":{"line":42,"column":21}},{"start":{"line":39,"column":27},"end":{"line":42,"column":21}}],"line":36},"1":{"loc":{"start":{"line":44,"column":16},"end":{"line":52,"column":17}},"type":"if","locations":[{"start":{"line":44,"column":16},"end":{"line":52,"column":17}},{"start":{},"end":{}}],"line":44},"2":{"loc":{"start":{"line":67,"column":4},"end":{"line":80,"column":5}},"type":"if","locations":[{"start":{"line":67,"column":4},"end":{"line":80,"column":5}},{"start":{},"end":{}}],"line":67},"3":{"loc":{"start":{"line":79,"column":16},"end":{"line":79,"column":169}},"type":"binary-expr","locations":[{"start":{"line":79,"column":16},"end":{"line":79,"column":62}},{"start":{"line":79,"column":67},"end":{"line":79,"column":168}}],"line":79}},"s":{"0":1,"1":1,"2":3,"3":9,"4":3,"5":10,"6":3,"7":3,"8":8,"9":8,"10":8,"11":35,"12":35,"13":8,"14":3,"15":3,"16":3,"17":8,"18":8,"19":35,"20":35,"21":35,"22":35,"23":35,"24":35,"25":54,"26":36,"27":36,"28":18,"29":18,"30":35,"31":19,"32":19,"33":49,"34":19,"35":19,"36":19,"37":3,"38":33,"39":3,"40":3,"41":13,"42":3,"43":3,"44":3,"45":3,"46":2,"47":2,"48":14,"49":15,"50":2,"51":2,"52":2,"53":1,"54":1,"55":1,"56":2,"57":2,"58":1},"f":{"0":1,"1":3,"2":9,"3":10,"4":8,"5":49,"6":33,"7":13,"8":2,"9":14,"10":15,"11":2},"b":{"0":[36,18],"1":[19,16],"2":[2,1],"3":[1,0]},"_coverageSchema":"1a1c01bbd47fc00a2c39e90264f33305004495a9","hash":"66cb7942d33ae0af795840ed1d30966ce5bdf8d4"}
}
