TN:
SF:src\ProductGrouping.js
FN:3,(anonymous_0)
FN:6,(anonymous_1)
FN:7,(anonymous_2)
FN:11,(anonymous_3)
FN:16,(anonymous_4)
FN:46,(anonymous_5)
FN:56,(anonymous_6)
FN:60,(anonymous_7)
FN:69,filterObjectsByCondition
FN:70,(anonymous_9)
FN:70,(anonymous_10)
FN:73,(anonymous_11)
FNF:12
FNH:12
FNDA:1,(anonymous_0)
FNDA:3,(anonymous_1)
FNDA:9,(anonymous_2)
FNDA:10,(anonymous_3)
FNDA:8,(anonymous_4)
FNDA:49,(anonymous_5)
FNDA:33,(anonymous_6)
FNDA:13,(anonymous_7)
FNDA:2,filterObjectsByCondition
FNDA:14,(anonymous_9)
FNDA:15,(anonymous_10)
FNDA:2,(anonymous_11)
DA:2,1
DA:4,1
DA:7,3
DA:8,9
DA:11,3
DA:12,10
DA:15,3
DA:16,3
DA:17,8
DA:18,8
DA:19,35
DA:20,35
DA:22,8
DA:25,3
DA:26,3
DA:27,8
DA:28,35
DA:32,35
DA:33,35
DA:34,35
DA:35,35
DA:36,54
DA:37,36
DA:38,36
DA:40,18
DA:41,18
DA:44,35
DA:45,19
DA:46,19
DA:47,49
DA:49,19
DA:50,19
DA:51,19
DA:56,3
DA:57,33
DA:59,3
DA:60,3
DA:61,13
DA:64,3
DA:65,3
DA:66,3
DA:67,3
DA:68,2
DA:70,15
DA:72,2
DA:73,2
DA:74,2
DA:76,1
DA:77,1
DA:78,1
DA:82,2
DA:83,2
DA:86,1
LF:53
LH:53
BRDA:36,0,0,36
BRDA:36,0,1,18
BRDA:44,1,0,19
BRDA:44,1,1,16
BRDA:67,2,0,2
BRDA:67,2,1,1
BRDA:79,3,0,1
BRDA:79,3,1,0
BRF:8
BRH:7
end_of_record
